<?xml version="1.0" encoding="UTF-8"?>
<testng-results skipped="0" failed="0" total="2" passed="2">
  <reporter-output>
  </reporter-output>
  <suite name="Suite" duration-ms="133687" started-at="2021-06-13T09:05:48Z" finished-at="2021-06-13T09:08:02Z">
    <groups>
      <group name="cucumber">
        <method signature="AbstractTestNGCucumberTests.feature(cucumber.api.testng.CucumberFeatureWrapper)[pri:0, instance:runner.Runner@1ed4004b]" name="feature" class="cucumber.api.testng.AbstractTestNGCucumberTests"/>
      </group> <!-- cucumber -->
    </groups>
    <test name="Test" duration-ms="133687" started-at="2021-06-13T09:05:48Z" finished-at="2021-06-13T09:08:02Z">
      <class name="runner.Runner">
        <test-method status="PASS" signature="setUpClass()[pri:0, instance:runner.Runner@1ed4004b]" name="setUpClass" is-config="true" duration-ms="943" started-at="2021-06-13T14:35:48Z" finished-at="2021-06-13T14:35:49Z">
          <reporter-output>
          </reporter-output>
        </test-method> <!-- setUpClass -->
        <test-method status="PASS" signature="setup()[pri:0, instance:runner.Runner@1ed4004b]" name="setup" is-config="true" duration-ms="510" started-at="2021-06-13T14:35:49Z" finished-at="2021-06-13T14:35:50Z">
          <reporter-output>
          </reporter-output>
        </test-method> <!-- setup -->
        <test-method status="PASS" signature="feature(cucumber.api.testng.CucumberFeatureWrapper)[pri:0, instance:runner.Runner@1ed4004b]" name="feature" duration-ms="78703" started-at="2021-06-13T14:35:50Z" description="Runs Cucumber Feature" data-provider="features" finished-at="2021-06-13T14:37:09Z">
          <params>
            <param index="0">
              <value>
                <![CDATA[Login functionality scenarios]]>
              </value>
            </param>
          </params>
          <reporter-output>
          </reporter-output>
        </test-method> <!-- feature -->
        <test-method status="PASS" signature="feature(cucumber.api.testng.CucumberFeatureWrapper)[pri:0, instance:runner.Runner@1ed4004b]" name="feature" duration-ms="53220" started-at="2021-06-13T14:37:09Z" description="Runs Cucumber Feature" data-provider="features" finished-at="2021-06-13T14:38:02Z">
          <params>
            <param index="0">
              <value>
                <![CDATA[Register functionality scenarios]]>
              </value>
            </param>
          </params>
          <reporter-output>
          </reporter-output>
        </test-method> <!-- feature -->
        <test-method status="PASS" signature="tearDownClass()[pri:0, instance:runner.Runner@1ed4004b]" name="tearDownClass" is-config="true" duration-ms="127" started-at="2021-06-13T14:38:02Z" finished-at="2021-06-13T14:38:02Z">
          <reporter-output>
          </reporter-output>
        </test-method> <!-- tearDownClass -->
      </class> <!-- runner.Runner -->
    </test> <!-- Test -->
  </suite> <!-- Suite -->
</testng-results>
